feature-userinfo/build/intermediates/manifest_merge_blame_file/release/manifest-merger-blame-release-report.txt
1<?xml version="1.0" encoding="utf-8"?>
2<manifest xmlns:android="http://schemas.android.com/apk/res/android"
3    package="com.hmoa.feature_userinfo" >
4
5    <uses-sdk
6        android:minSdkVersion="24"
7        android:targetSdkVersion="24" />
8
9    <permission
9-->[androidx.core:core:1.10.0] AndroidManifest.xml:22:5-24:47
10        android:name="com.hmoa.feature_userinfo.DYNAMIC_RECEIVER_NOT_EXPORTED_PERMISSION"
10-->[androidx.core:core:1.10.0] AndroidManifest.xml:23:9-81
11        android:protectionLevel="signature" />
11-->[androidx.core:core:1.10.0] AndroidManifest.xml:24:9-44
12
13    <uses-permission android:name="com.hmoa.feature_userinfo.DYNAMIC_RECEIVER_NOT_EXPORTED_PERMISSION" />
13-->[androidx.core:core:1.10.0] AndroidManifest.xml:26:5-97
13-->[androidx.core:core:1.10.0] AndroidManifest.xml:26:22-94
14
15    <application
16        android:appComponentFactory="androidx.core.app.CoreComponentFactory"
16-->[androidx.core:core:1.10.0] AndroidManifest.xml:28:18-86
17        android:extractNativeLibs="false" >
18        <provider
18-->[androidx.emoji2:emoji2:1.4.0] AndroidManifest.xml:24:9-32:20
19            android:name="androidx.startup.InitializationProvider"
19-->[androidx.emoji2:emoji2:1.4.0] AndroidManifest.xml:25:13-67
20            android:authorities="com.hmoa.feature_userinfo.androidx-startup"
20-->[androidx.emoji2:emoji2:1.4.0] AndroidManifest.xml:26:13-68
21            android:exported="false" >
21-->[androidx.emoji2:emoji2:1.4.0] AndroidManifest.xml:27:13-37
22            <meta-data
22-->[androidx.emoji2:emoji2:1.4.0] AndroidManifest.xml:29:13-31:52
23                android:name="androidx.emoji2.text.EmojiCompatInitializer"
23-->[androidx.emoji2:emoji2:1.4.0] AndroidManifest.xml:30:17-75
24                android:value="androidx.startup" />
24-->[androidx.emoji2:emoji2:1.4.0] AndroidManifest.xml:31:17-49
25            <meta-data
25-->[androidx.lifecycle:lifecycle-process:2.6.1] AndroidManifest.xml:29:13-31:52
26                android:name="androidx.lifecycle.ProcessLifecycleInitializer"
26-->[androidx.lifecycle:lifecycle-process:2.6.1] AndroidManifest.xml:30:17-78
27                android:value="androidx.startup" />
27-->[androidx.lifecycle:lifecycle-process:2.6.1] AndroidManifest.xml:31:17-49
28            <meta-data
28-->[androidx.profileinstaller:profileinstaller:1.3.0] AndroidManifest.xml:29:13-31:52
29                android:name="androidx.profileinstaller.ProfileInstallerInitializer"
29-->[androidx.profileinstaller:profileinstaller:1.3.0] AndroidManifest.xml:30:17-85
30                android:value="androidx.startup" />
30-->[androidx.profileinstaller:profileinstaller:1.3.0] AndroidManifest.xml:31:17-49
31        </provider>
32
33        <receiver
33-->[androidx.profileinstaller:profileinstaller:1.3.0] AndroidManifest.xml:34:9-52:20
34            android:name="androidx.profileinstaller.ProfileInstallReceiver"
34-->[androidx.profileinstaller:profileinstaller:1.3.0] AndroidManifest.xml:35:13-76
35            android:directBootAware="false"
35-->[androidx.profileinstaller:profileinstaller:1.3.0] AndroidManifest.xml:36:13-44
36            android:enabled="true"
36-->[androidx.profileinstaller:profileinstaller:1.3.0] AndroidManifest.xml:37:13-35
37            android:exported="true"
37-->[androidx.profileinstaller:profileinstaller:1.3.0] AndroidManifest.xml:38:13-36
38            android:permission="android.permission.DUMP" >
38-->[androidx.profileinstaller:profileinstaller:1.3.0] AndroidManifest.xml:39:13-57
39            <intent-filter>
39-->[androidx.profileinstaller:profileinstaller:1.3.0] AndroidManifest.xml:40:13-42:29
40                <action android:name="androidx.profileinstaller.action.INSTALL_PROFILE" />
40-->[androidx.profileinstaller:profileinstaller:1.3.0] AndroidManifest.xml:41:17-91
40-->[androidx.profileinstaller:profileinstaller:1.3.0] AndroidManifest.xml:41:25-88
41            </intent-filter>
42            <intent-filter>
42-->[androidx.profileinstaller:profileinstaller:1.3.0] AndroidManifest.xml:43:13-45:29
43                <action android:name="androidx.profileinstaller.action.SKIP_FILE" />
43-->[androidx.profileinstaller:profileinstaller:1.3.0] AndroidManifest.xml:44:17-85
43-->[androidx.profileinstaller:profileinstaller:1.3.0] AndroidManifest.xml:44:25-82
44            </intent-filter>
45            <intent-filter>
45-->[androidx.profileinstaller:profileinstaller:1.3.0] AndroidManifest.xml:46:13-48:29
46                <action android:name="androidx.profileinstaller.action.SAVE_PROFILE" />
46-->[androidx.profileinstaller:profileinstaller:1.3.0] AndroidManifest.xml:47:17-88
46-->[androidx.profileinstaller:profileinstaller:1.3.0] AndroidManifest.xml:47:25-85
47            </intent-filter>
48            <intent-filter>
48-->[androidx.profileinstaller:profileinstaller:1.3.0] AndroidManifest.xml:49:13-51:29
49                <action android:name="androidx.profileinstaller.action.BENCHMARK_OPERATION" />
49-->[androidx.profileinstaller:profileinstaller:1.3.0] AndroidManifest.xml:50:17-95
49-->[androidx.profileinstaller:profileinstaller:1.3.0] AndroidManifest.xml:50:25-92
50            </intent-filter>
51        </receiver>
52    </application>
53
54</manifest>